<?xml version="1.0" encoding="UTF-8"?>
<testsuite xmlns:xsi="http://www.w3.org/2001/XMLSchema-instance" xsi:noNamespaceSchemaLocation="https://maven.apache.org/surefire/maven-surefire-plugin/xsd/surefire-test-report-3.0.xsd" version="3.0" name="org.io.GreenGame.GreenGameApplicationTests" time="12.503" tests="1" errors="0" skipped="0" failures="0">
  <properties>
[...]
</properties>
  <testcase name="contextLoads" classname="org.io.GreenGame.GreenGameApplicationTests" time="0.871">
    <system-out><![CDATA[10:42:30.203 [main] INFO org.springframework.test.context.support.AnnotationConfigContextLoaderUtils -- Could not detect default configuration classes for test class [org.io.GreenGame.GreenGameApplicationTests]: GreenGameApplicationTests does not declare any static, non-private, non-final, nested classes annotated with @Configuration.
10:42:30.401 [main] INFO org.springframework.boot.test.context.SpringBootTestContextBootstrapper -- Found @SpringBootConfiguration org.io.GreenGame.GreenGameApplication for test class org.io.GreenGame.GreenGameApplicationTests

  .   ____          _            __ _ _
 /\\ / ___'_ __ _ _(_)_ __  __ _ \ \ \ \
( ( )\___ | '_ | '_| | '_ \/ _` | \ \ \ \
 \\/  ___)| |_)| | | | | || (_| |  ) ) ) )
  '  |____| .__|_| |_|_| |_\__, | / / / /
 =========|_|==============|___/=/_/_/_/
 :: Spring Boot ::                (v3.1.5)

2023-12-18T10:42:31.102+01:00  INFO 6772 --- [           main] o.i.GreenGame.GreenGameApplicationTests  : Starting GreenGameApplicationTests using Java 21 with PID 6772 (started by komor in C:\Users\komor\Desktop\semestr5\GreenGame)
2023-12-18T10:42:31.105+01:00  INFO 6772 --- [           main] o.i.GreenGame.GreenGameApplicationTests  : No active profile set, falling back to 1 default profile: "default"
2023-12-18T10:42:33.201+01:00  INFO 6772 --- [           main] .s.d.r.c.RepositoryConfigurationDelegate : Multiple Spring Data modules found, entering strict repository configuration mode
2023-12-18T10:42:33.205+01:00  INFO 6772 --- [           main] .s.d.r.c.RepositoryConfigurationDelegate : Bootstrapping Spring Data JPA repositories in DEFAULT mode.
2023-12-18T10:42:33.496+01:00  INFO 6772 --- [           main] .s.d.r.c.RepositoryConfigurationDelegate : Finished Spring Data repository scanning in 268 ms. Found 2 JPA repository interfaces.
2023-12-18T10:42:33.524+01:00  INFO 6772 --- [           main] .s.d.r.c.RepositoryConfigurationDelegate : Multiple Spring Data modules found, entering strict repository configuration mode
2023-12-18T10:42:33.527+01:00  INFO 6772 --- [           main] .s.d.r.c.RepositoryConfigurationDelegate : Bootstrapping Spring Data Redis repositories in DEFAULT mode.
2023-12-18T10:42:33.553+01:00  INFO 6772 --- [           main] .RepositoryConfigurationExtensionSupport : Spring Data Redis - Could not safely identify store assignment for repository candidate interface org.io.GreenGame.user.repository.RoleRepository; If you want this repository to be a Redis repository, consider annotating your entities with one of these annotations: org.springframework.data.redis.core.RedisHash (preferred), or consider extending one of the following types with your repository: org.springframework.data.keyvalue.repository.KeyValueRepository
2023-12-18T10:42:33.554+01:00  INFO 6772 --- [           main] .RepositoryConfigurationExtensionSupport : Spring Data Redis - Could not safely identify store assignment for repository candidate interface org.io.GreenGame.user.repository.UserRepository; If you want this repository to be a Redis repository, consider annotating your entities with one of these annotations: org.springframework.data.redis.core.RedisHash (preferred), or consider extending one of the following types with your repository: org.springframework.data.keyvalue.repository.KeyValueRepository
2023-12-18T10:42:33.554+01:00  INFO 6772 --- [           main] .s.d.r.c.RepositoryConfigurationDelegate : Finished Spring Data repository scanning in 9 ms. Found 0 Redis repository interfaces.
2023-12-18T10:42:34.492+01:00  INFO 6772 --- [           main] o.hibernate.jpa.internal.util.LogHelper  : HHH000204: Processing PersistenceUnitInfo [name: default]
2023-12-18T10:42:34.619+01:00  INFO 6772 --- [           main] org.hibernate.Version                    : HHH000412: Hibernate ORM core version 6.2.13.Final
2023-12-18T10:42:34.624+01:00  INFO 6772 --- [           main] org.hibernate.cfg.Environment            : HHH000406: Using bytecode reflection optimizer
2023-12-18T10:42:35.235+01:00  INFO 6772 --- [           main] o.s.o.j.p.SpringPersistenceUnitInfo      : No LoadTimeWeaver setup: ignoring JPA class transformer
2023-12-18T10:42:35.293+01:00  INFO 6772 --- [           main] com.zaxxer.hikari.HikariDataSource       : HikariPool-1 - Starting...
2023-12-18T10:42:35.617+01:00  INFO 6772 --- [           main] com.zaxxer.hikari.pool.HikariPool        : HikariPool-1 - Added connection org.postgresql.jdbc.PgConnection@1c3d9e28
2023-12-18T10:42:35.619+01:00  INFO 6772 --- [           main] com.zaxxer.hikari.HikariDataSource       : HikariPool-1 - Start completed.
2023-12-18T10:42:35.695+01:00  WARN 6772 --- [           main] org.hibernate.orm.deprecation            : HHH90000025: PostgreSQLDialect does not need to be specified explicitly using 'hibernate.dialect' (remove the property setting and it will be selected by default)
2023-12-18T10:42:37.133+01:00  INFO 6772 --- [           main] o.h.e.t.j.p.i.JtaPlatformInitiator       : HHH000489: No JTA platform available (set 'hibernate.transaction.jta.platform' to enable JTA platform integration)
Hibernate: 
    alter table if exists users_roles 
       drop constraint if exists FKj6m8fwv7oqv74fcehir1a9ffy
2023-12-18T10:42:37.168+01:00  WARN 6772 --- [           main] o.h.engine.jdbc.spi.SqlExceptionHelper   : SQL Warning Code: 0, SQLState: 00000
2023-12-18T10:42:37.168+01:00  WARN 6772 --- [           main] o.h.engine.jdbc.spi.SqlExceptionHelper   : relation "users_roles" does not exist, skipping
Hibernate: 
    alter table if exists users_roles 
       drop constraint if exists FK2o0jvgh89lemvvo17cbqvdxaa
2023-12-18T10:42:37.171+01:00  WARN 6772 --- [           main] o.h.engine.jdbc.spi.SqlExceptionHelper   : SQL Warning Code: 0, SQLState: 00000
2023-12-18T10:42:37.171+01:00  WARN 6772 --- [           main] o.h.engine.jdbc.spi.SqlExceptionHelper   : relation "users_roles" does not exist, skipping
Hibernate: 
    drop table if exists roles cascade
2023-12-18T10:42:37.174+01:00  WARN 6772 --- [           main] o.h.engine.jdbc.spi.SqlExceptionHelper   : SQL Warning Code: 0, SQLState: 00000
2023-12-18T10:42:37.174+01:00  WARN 6772 --- [           main] o.h.engine.jdbc.spi.SqlExceptionHelper   : table "roles" does not exist, skipping
Hibernate: 
    drop table if exists users cascade
2023-12-18T10:42:37.176+01:00  WARN 6772 --- [           main] o.h.engine.jdbc.spi.SqlExceptionHelper   : SQL Warning Code: 0, SQLState: 00000
2023-12-18T10:42:37.176+01:00  WARN 6772 --- [           main] o.h.engine.jdbc.spi.SqlExceptionHelper   : table "users" does not exist, skipping
Hibernate: 
    drop table if exists users_roles cascade
2023-12-18T10:42:37.178+01:00  WARN 6772 --- [           main] o.h.engine.jdbc.spi.SqlExceptionHelper   : SQL Warning Code: 0, SQLState: 00000
2023-12-18T10:42:37.178+01:00  WARN 6772 --- [           main] o.h.engine.jdbc.spi.SqlExceptionHelper   : table "users_roles" does not exist, skipping
Hibernate: 
    drop sequence if exists users_seq
2023-12-18T10:42:37.180+01:00  WARN 6772 --- [           main] o.h.engine.jdbc.spi.SqlExceptionHelper   : SQL Warning Code: 0, SQLState: 00000
2023-12-18T10:42:37.180+01:00  WARN 6772 --- [           main] o.h.engine.jdbc.spi.SqlExceptionHelper   : sequence "users_seq" does not exist, skipping
Hibernate: 
    create sequence users_seq start with 1 increment by 50
Hibernate: 
    create table roles (
        id bigserial not null,
        name varchar(255) not null unique,
        primary key (id)
    )
Hibernate: 
    create table users (
        change_date timestamp(6),
        creation_date timestamp(6),
        id bigint not null,
        security_change_date timestamp(6),
        security_last_login_date timestamp(6),
        email varchar(255),
        password_hash varchar(255),
        username varchar(255),
        primary key (id)
    )
Hibernate: 
    create table users_roles (
        role_id bigint not null,
        user_id bigint not null
    )
Hibernate: 
    alter table if exists users_roles 
       add constraint FKj6m8fwv7oqv74fcehir1a9ffy 
       foreign key (role_id) 
       references roles
Hibernate: 
    alter table if exists users_roles 
       add constraint FK2o0jvgh89lemvvo17cbqvdxaa 
       foreign key (user_id) 
       references users
2023-12-18T10:42:37.255+01:00  INFO 6772 --- [           main] j.LocalContainerEntityManagerFactoryBean : Initialized JPA EntityManagerFactory for persistence unit 'default'
2023-12-18T10:42:37.811+01:00  INFO 6772 --- [           main] o.s.d.j.r.query.QueryEnhancerFactory     : Hibernate is in classpath; If applicable, HQL parser will be used.
2023-12-18T10:42:38.907+01:00  WARN 6772 --- [           main] JpaBaseConfiguration$JpaWebConfiguration : spring.jpa.open-in-view is enabled by default. Therefore, database queries may be performed during view rendering. Explicitly configure spring.jpa.open-in-view to disable this warning
2023-12-18T10:42:39.201+01:00  INFO 6772 --- [           main] o.s.s.web.DefaultSecurityFilterChain     : Will secure any request with [org.springframework.security.web.session.DisableEncodeUrlFilter@4bba628, org.springframework.security.web.context.request.async.WebAsyncManagerIntegrationFilter@344db28d, org.springframework.security.web.context.SecurityContextHolderFilter@6b17aa0b, org.springframework.security.web.header.HeaderWriterFilter@39384ba6, org.springframework.security.web.authentication.logout.LogoutFilter@5e24af83, org.springframework.security.web.authentication.UsernamePasswordAuthenticationFilter@59b5251d, org.springframework.security.web.savedrequest.RequestCacheAwareFilter@3796ca50, org.springframework.security.web.servletapi.SecurityContextHolderAwareRequestFilter@5fd8302e, org.springframework.security.web.authentication.AnonymousAuthenticationFilter@4420f4d4, org.springframework.security.web.access.ExceptionTranslationFilter@4d08fee2, org.springframework.security.web.access.intercept.AuthorizationFilter@3ad142f0]
2023-12-18T10:42:39.668+01:00  INFO 6772 --- [           main] o.s.b.a.w.s.WelcomePageHandlerMapping    : Adding welcome page template: index
2023-12-18T10:42:41.163+01:00  INFO 6772 --- [           main] o.s.b.a.e.web.EndpointLinksResolver      : Exposing 13 endpoint(s) beneath base path '/actuator'
2023-12-18T10:42:41.291+01:00  INFO 6772 --- [           main] o.i.GreenGame.GreenGameApplicationTests  : Started GreenGameApplicationTests in 10.605 seconds (process running for 12.483)
]]></system-out>
    <system-err><![CDATA[WARNING: A Java agent has been loaded dynamically (C:\Users\komor\.m2\repository\net\bytebuddy\byte-buddy-agent\1.14.9\byte-buddy-agent-1.14.9.jar)
WARNING: If a serviceability tool is in use, please run with -XX:+EnableDynamicAgentLoading to hide this warning
WARNING: If a serviceability tool is not in use, please run with -Djdk.instrument.traceUsage for more information
WARNING: Dynamic loading of agents will be disallowed by default in a future release
]]></system-err>
  </testcase>
</testsuite>